\BOOKMARK [1][-]{section.1}{\376\377\0001\000\040\000C\000l\000a\000s\000s\000\040\000I\000n\000d\000e\000x}{}% 1
\BOOKMARK [2][-]{subsection.1.1}{\376\377\0001\000.\0001\000\040\000C\000l\000a\000s\000s\000\040\000L\000i\000s\000t}{section.1}% 2
\BOOKMARK [1][-]{section.2}{\376\377\0002\000\040\000F\000i\000l\000e\000\040\000I\000n\000d\000e\000x}{}% 3
\BOOKMARK [2][-]{subsection.2.1}{\376\377\0002\000.\0001\000\040\000F\000i\000l\000e\000\040\000L\000i\000s\000t}{section.2}% 4
\BOOKMARK [1][-]{section.3}{\376\377\0003\000\040\000C\000l\000a\000s\000s\000\040\000D\000o\000c\000u\000m\000e\000n\000t\000a\000t\000i\000o\000n}{}% 5
\BOOKMARK [2][-]{subsection.3.1}{\376\377\0003\000.\0001\000\040\000L\000i\000s\000t\000a\000D\000w\000u\000k\000i\000e\000r\000u\000n\000k\000o\000w\000a\000\040\000C\000l\000a\000s\000s\000\040\000R\000e\000f\000e\000r\000e\000n\000c\000e}{section.3}% 6
\BOOKMARK [3][-]{subsubsection.3.1.1}{\376\377\0003\000.\0001\000.\0001\000\040\000D\000e\000t\000a\000i\000l\000e\000d\000\040\000D\000e\000s\000c\000r\000i\000p\000t\000i\000o\000n}{subsection.3.1}% 7
\BOOKMARK [3][-]{subsubsection.3.1.2}{\376\377\0003\000.\0001\000.\0002\000\040\000C\000o\000n\000s\000t\000r\000u\000c\000t\000o\000r\000\040\000\046\000\040\000D\000e\000s\000t\000r\000u\000c\000t\000o\000r\000\040\000D\000o\000c\000u\000m\000e\000n\000t\000a\000t\000i\000o\000n}{subsection.3.1}% 8
\BOOKMARK [3][-]{subsubsection.3.1.3}{\376\377\0003\000.\0001\000.\0003\000\040\000M\000e\000m\000b\000e\000r\000\040\000F\000u\000n\000c\000t\000i\000o\000n\000\040\000D\000o\000c\000u\000m\000e\000n\000t\000a\000t\000i\000o\000n}{subsection.3.1}% 9
\BOOKMARK [3][-]{subsubsection.3.1.4}{\376\377\0003\000.\0001\000.\0004\000\040\000M\000e\000m\000b\000e\000r\000\040\000D\000a\000t\000a\000\040\000D\000o\000c\000u\000m\000e\000n\000t\000a\000t\000i\000o\000n}{subsection.3.1}% 10
\BOOKMARK [2][-]{subsection.3.2}{\376\377\0003\000.\0002\000\040\000W\000e\000z\000e\000l\000\040\000S\000t\000r\000u\000c\000t\000\040\000R\000e\000f\000e\000r\000e\000n\000c\000e}{section.3}% 11
\BOOKMARK [3][-]{subsubsection.3.2.1}{\376\377\0003\000.\0002\000.\0001\000\040\000D\000e\000t\000a\000i\000l\000e\000d\000\040\000D\000e\000s\000c\000r\000i\000p\000t\000i\000o\000n}{subsection.3.2}% 12
\BOOKMARK [3][-]{subsubsection.3.2.2}{\376\377\0003\000.\0002\000.\0002\000\040\000C\000o\000n\000s\000t\000r\000u\000c\000t\000o\000r\000\040\000\046\000\040\000D\000e\000s\000t\000r\000u\000c\000t\000o\000r\000\040\000D\000o\000c\000u\000m\000e\000n\000t\000a\000t\000i\000o\000n}{subsection.3.2}% 13
\BOOKMARK [3][-]{subsubsection.3.2.3}{\376\377\0003\000.\0002\000.\0003\000\040\000M\000e\000m\000b\000e\000r\000\040\000D\000a\000t\000a\000\040\000D\000o\000c\000u\000m\000e\000n\000t\000a\000t\000i\000o\000n}{subsection.3.2}% 14
\BOOKMARK [1][-]{section.4}{\376\377\0004\000\040\000F\000i\000l\000e\000\040\000D\000o\000c\000u\000m\000e\000n\000t\000a\000t\000i\000o\000n}{}% 15
\BOOKMARK [2][-]{subsection.4.1}{\376\377\0004\000.\0001\000\040\000E\000:\000/\000P\000r\000o\000g\000r\000a\000m\000o\000w\000a\000n\000i\000e\000Z\000a\000a\000w\000a\000n\000s\000o\000w\000a\000n\000e\000/\000Z\000u\000c\000h\000o\000w\000i\000c\000z\000D\000o\000m\000i\000n\000i\000k\000.\000L\000i\000s\000t\000a\000D\000w\000u\000k\000i\000e\000r\000u\000n\000k\000o\000w\000a\000/\000E\000x\000a\000m\000p\000l\000e\000/\000E\000x\000a\000m\000p\000l\000e\000/\000E\000x\000a\000m\000p\000l\000e\000.\000c\000p\000p\000\040\000F\000i\000l\000e\000\040\000R\000e\000f\000e\000r\000e\000n\000c\000e}{section.4}% 16
\BOOKMARK [3][-]{subsubsection.4.1.1}{\376\377\0004\000.\0001\000.\0001\000\040\000F\000u\000n\000c\000t\000i\000o\000n\000\040\000D\000o\000c\000u\000m\000e\000n\000t\000a\000t\000i\000o\000n}{subsection.4.1}% 17
\BOOKMARK [2][-]{subsection.4.2}{\376\377\0004\000.\0002\000\040\000E\000x\000a\000m\000p\000l\000e\000.\000c\000p\000p}{section.4}% 18
\BOOKMARK [2][-]{subsection.4.3}{\376\377\0004\000.\0003\000\040\000E\000:\000/\000P\000r\000o\000g\000r\000a\000m\000o\000w\000a\000n\000i\000e\000Z\000a\000a\000w\000a\000n\000s\000o\000w\000a\000n\000e\000/\000Z\000u\000c\000h\000o\000w\000i\000c\000z\000D\000o\000m\000i\000n\000i\000k\000.\000L\000i\000s\000t\000a\000D\000w\000u\000k\000i\000e\000r\000u\000n\000k\000o\000w\000a\000/\000E\000x\000a\000m\000p\000l\000e\000/\000E\000x\000a\000m\000p\000l\000e\000/\000L\000i\000s\000t\000a\000D\000w\000u\000k\000i\000e\000r\000u\000n\000k\000o\000w\000a\000.\000c\000p\000p\000\040\000F\000i\000l\000e\000\040\000R\000e\000f\000e\000r\000e\000n\000c\000e}{section.4}% 19
\BOOKMARK [2][-]{subsection.4.4}{\376\377\0004\000.\0004\000\040\000L\000i\000s\000t\000a\000D\000w\000u\000k\000i\000e\000r\000u\000n\000k\000o\000w\000a\000.\000c\000p\000p}{section.4}% 20
\BOOKMARK [2][-]{subsection.4.5}{\376\377\0004\000.\0005\000\040\000E\000:\000/\000P\000r\000o\000g\000r\000a\000m\000o\000w\000a\000n\000i\000e\000Z\000a\000a\000w\000a\000n\000s\000o\000w\000a\000n\000e\000/\000Z\000u\000c\000h\000o\000w\000i\000c\000z\000D\000o\000m\000i\000n\000i\000k\000.\000L\000i\000s\000t\000a\000D\000w\000u\000k\000i\000e\000r\000u\000n\000k\000o\000w\000a\000/\000E\000x\000a\000m\000p\000l\000e\000/\000E\000x\000a\000m\000p\000l\000e\000/\000L\000i\000s\000t\000a\000D\000w\000u\000k\000i\000e\000r\000u\000n\000k\000o\000w\000a\000.\000h\000\040\000F\000i\000l\000e\000\040\000R\000e\000f\000e\000r\000e\000n\000c\000e}{section.4}% 21
\BOOKMARK [2][-]{subsection.4.6}{\376\377\0004\000.\0006\000\040\000L\000i\000s\000t\000a\000D\000w\000u\000k\000i\000e\000r\000u\000n\000k\000o\000w\000a\000.\000h}{section.4}% 22
\BOOKMARK [1][-]{section*.27}{\376\377\000I\000n\000d\000e\000x}{}% 23
